TN:
SF:/Users/budi/Sites/opensource/vscode-dash/out/src/dash.js
FN:3,(anonymous_1)
FN:4,Dash
FN:22,(anonymous_3)
FN:37,(anonymous_4)
FN:49,(anonymous_5)
FNF:5
FNH:5
FNDA:1,(anonymous_1)
FNDA:8,Dash
FNDA:6,(anonymous_3)
FNDA:8,(anonymous_4)
FNDA:6,(anonymous_5)
DA:2,1
DA:3,1
DA:4,1
DA:5,8
DA:6,8
DA:22,1
DA:23,6
DA:24,6
DA:25,6
DA:26,6
DA:27,3
DA:29,6
DA:37,1
DA:38,8
DA:39,4
DA:41,4
DA:49,1
DA:50,6
DA:55,1
DA:57,1
LF:20
LH:20
BRDA:7,1,0,8
BRDA:7,1,1,0
BRDA:23,2,0,3
BRDA:23,2,1,3
BRDA:26,3,0,3
BRDA:26,3,1,3
BRDA:38,4,0,4
BRDA:38,4,1,4
BRDA:50,5,0,6
BRDA:50,5,1,4
BRF:10
BRH:9
end_of_record
