{"/Users/budi/Sites/opensource/vscode-dash/out/src/dash.js":{"path":"/Users/budi/Sites/opensource/vscode-dash/out/src/dash.js","s":{"1":1,"2":1,"3":1,"4":8,"5":8,"6":1,"7":6,"8":3,"9":6,"10":6,"11":6,"12":3,"13":6,"14":1,"15":8,"16":4,"17":4,"18":1,"19":6,"20":1,"21":1},"b":{"1":[8,0],"2":[3,3],"3":[3,3],"4":[4,4],"5":[6,4]},"f":{"1":1,"2":8,"3":6,"4":8,"5":6},"fnMap":{"1":{"name":"(anonymous_1)","line":3,"loc":{"start":{"line":3,"column":26},"end":{"line":3,"column":38}}},"2":{"name":"Dash","line":4,"loc":{"start":{"line":4,"column":4},"end":{"line":4,"column":22}}},"3":{"name":"(anonymous_3)","line":22,"loc":{"start":{"line":22,"column":32},"end":{"line":22,"column":58}}},"4":{"name":"(anonymous_4)","line":37,"loc":{"start":{"line":37,"column":29},"end":{"line":37,"column":48}}},"5":{"name":"(anonymous_5)","line":49,"loc":{"start":{"line":49,"column":38},"end":{"line":49,"column":53}}}},"statementMap":{"1":{"start":{"line":2,"column":0},"end":{"line":2,"column":62}},"2":{"start":{"line":3,"column":0},"end":{"line":56,"column":5}},"3":{"start":{"line":4,"column":4},"end":{"line":14,"column":5}},"4":{"start":{"line":5,"column":8},"end":{"line":5,"column":21}},"5":{"start":{"line":6,"column":8},"end":{"line":13,"column":33}},"6":{"start":{"line":22,"column":4},"end":{"line":30,"column":6}},"7":{"start":{"line":23,"column":8},"end":{"line":23,"column":49}},"8":{"start":{"line":23,"column":34},"end":{"line":23,"column":47}},"9":{"start":{"line":24,"column":8},"end":{"line":24,"column":69}},"10":{"start":{"line":25,"column":8},"end":{"line":25,"column":41}},"11":{"start":{"line":26,"column":8},"end":{"line":28,"column":9}},"12":{"start":{"line":27,"column":12},"end":{"line":27,"column":35}},"13":{"start":{"line":29,"column":8},"end":{"line":29,"column":66}},"14":{"start":{"line":37,"column":4},"end":{"line":42,"column":6}},"15":{"start":{"line":38,"column":8},"end":{"line":40,"column":9}},"16":{"start":{"line":39,"column":12},"end":{"line":39,"column":37}},"17":{"start":{"line":41,"column":8},"end":{"line":41,"column":18}},"18":{"start":{"line":49,"column":4},"end":{"line":54,"column":6}},"19":{"start":{"line":50,"column":8},"end":{"line":53,"column":39}},"20":{"start":{"line":55,"column":4},"end":{"line":55,"column":16}},"21":{"start":{"line":57,"column":0},"end":{"line":57,"column":20}}},"branchMap":{"1":{"line":7,"type":"binary-expr","locations":[{"start":{"line":7,"column":12},"end":{"line":13,"column":22}},{"start":{"line":13,"column":26},"end":{"line":13,"column":32}}]},"2":{"line":23,"type":"if","locations":[{"start":{"line":23,"column":8},"end":{"line":23,"column":8}},{"start":{"line":23,"column":8},"end":{"line":23,"column":8}}]},"3":{"line":26,"type":"if","locations":[{"start":{"line":26,"column":8},"end":{"line":26,"column":8}},{"start":{"line":26,"column":8},"end":{"line":26,"column":8}}]},"4":{"line":38,"type":"if","locations":[{"start":{"line":38,"column":8},"end":{"line":38,"column":8}},{"start":{"line":38,"column":8},"end":{"line":38,"column":8}}]},"5":{"line":50,"type":"binary-expr","locations":[{"start":{"line":50,"column":16},"end":{"line":53,"column":18}},{"start":{"line":53,"column":22},"end":{"line":53,"column":37}}]}}}}